platforms/android/app/build/outputs/logs/manifest-merger-debug-report.txt
-- Merging decision tree log ---
manifest
ADDED from src/main/AndroidManifest.xml:2:1-40:12
INJECTED from src/main/AndroidManifest.xml:2:1-40:12
INJECTED from src/main/AndroidManifest.xml:2:1-40:12
MERGED from [com.android.support:multidex:1.0.2] AndroidManifest.xml:17:1-22:12
MERGED from [com.android.support:design:23.4.0] AndroidManifest.xml:17:1-24:12
MERGED from [com.android.support:appcompat-v7:23.4.0] AndroidManifest.xml:17:1-27:12
MERGED from [com.android.support:animated-vector-drawable:23.4.0] AndroidManifest.xml:2:1-9:12
MERGED from [com.android.support:support-vector-drawable:23.4.0] AndroidManifest.xml:2:1-9:12
MERGED from [com.android.support:recyclerview-v7:23.4.0] AndroidManifest.xml:17:1-22:12
MERGED from [com.android.support:support-v4:23.4.0] AndroidManifest.xml:17:1-24:12
MERGED from [:nativescript-optimized:] AndroidManifest.xml:2:1-11:12
MERGED from [:nativescript_social_share:] AndroidManifest.xml:2:1-21:12
MERGED from [:widgets-release:] AndroidManifest.xml:2:1-14:12
INJECTED from src/main/AndroidManifest.xml:2:1-40:12
INJECTED from src/main/AndroidManifest.xml:2:1-40:12
	package
		ADDED from src/main/AndroidManifest.xml:3:2-41
	android:versionName
		ADDED from src/main/AndroidManifest.xml:5:2-27
		INJECTED from src/main/AndroidManifest.xml
		INJECTED from src/main/AndroidManifest.xml
	xmlns:android
		ADDED from src/main/AndroidManifest.xml:2:11-69
	android:versionCode
		ADDED from src/main/AndroidManifest.xml:4:2-25
		INJECTED from src/main/AndroidManifest.xml
		INJECTED from src/main/AndroidManifest.xml
supports-screens
ADDED from src/main/AndroidManifest.xml:7:2-11:33
	android:largeScreens
		ADDED from src/main/AndroidManifest.xml:10:3-30
	android:smallScreens
		ADDED from src/main/AndroidManifest.xml:8:3-30
	android:normalScreens
		ADDED from src/main/AndroidManifest.xml:9:3-31
	android:xlargeScreens
		ADDED from src/main/AndroidManifest.xml:11:3-31
uses-sdk
ADDED from src/main/AndroidManifest.xml:13:2-15:34
INJECTED from src/main/AndroidManifest.xml:13:2-15:34
INJECTED from src/main/AndroidManifest.xml:13:2-15:34
MERGED from [com.android.support:multidex:1.0.2] AndroidManifest.xml:20:5-43
MERGED from [com.android.support:multidex:1.0.2] AndroidManifest.xml:20:5-43
MERGED from [com.android.support:design:23.4.0] AndroidManifest.xml:20:5-43
MERGED from [com.android.support:design:23.4.0] AndroidManifest.xml:20:5-43
MERGED from [com.android.support:appcompat-v7:23.4.0] AndroidManifest.xml:21:5-23:78
MERGED from [com.android.support:appcompat-v7:23.4.0] AndroidManifest.xml:21:5-23:78
MERGED from [com.android.support:animated-vector-drawable:23.4.0] AndroidManifest.xml:5:5-44
MERGED from [com.android.support:animated-vector-drawable:23.4.0] AndroidManifest.xml:5:5-44
MERGED from [com.android.support:support-vector-drawable:23.4.0] AndroidManifest.xml:5:5-43
MERGED from [com.android.support:support-vector-drawable:23.4.0] AndroidManifest.xml:5:5-43
MERGED from [com.android.support:recyclerview-v7:23.4.0] AndroidManifest.xml:20:5-43
MERGED from [com.android.support:recyclerview-v7:23.4.0] AndroidManifest.xml:20:5-43
MERGED from [com.android.support:support-v4:23.4.0] AndroidManifest.xml:20:5-43
MERGED from [com.android.support:support-v4:23.4.0] AndroidManifest.xml:20:5-43
MERGED from [:nativescript-optimized:] AndroidManifest.xml:7:5-9:41
MERGED from [:nativescript-optimized:] AndroidManifest.xml:7:5-9:41
MERGED from [:nativescript_social_share:] AndroidManifest.xml:7:5-47
MERGED from [:nativescript_social_share:] AndroidManifest.xml:7:5-47
MERGED from [:widgets-release:] AndroidManifest.xml:7:5-9:41
MERGED from [:widgets-release:] AndroidManifest.xml:7:5-9:41
INJECTED from src/main/AndroidManifest.xml:13:2-15:34
INJECTED from src/main/AndroidManifest.xml:13:2-15:34
	tools:overrideLibrary
		ADDED from [com.android.support:appcompat-v7:23.4.0] AndroidManifest.xml:23:9-75
	android:targetSdkVersion
		ADDED from src/main/AndroidManifest.xml:15:3-32
		INJECTED from src/main/AndroidManifest.xml
		INJECTED from src/main/AndroidManifest.xml
	android:minSdkVersion
		ADDED from src/main/AndroidManifest.xml:14:3-29
		INJECTED from src/main/AndroidManifest.xml
		MERGED from src/main/AndroidManifest.xml:14:3-29
		INJECTED from src/main/AndroidManifest.xml
uses-permission#android.permission.READ_EXTERNAL_STORAGE
ADDED from src/main/AndroidManifest.xml:17:2-76
	android:name
		ADDED from src/main/AndroidManifest.xml:17:19-74
uses-permission#android.permission.WRITE_EXTERNAL_STORAGE
ADDED from src/main/AndroidManifest.xml:18:2-77
	android:name
		ADDED from src/main/AndroidManifest.xml:18:19-75
uses-permission#android.permission.INTERNET
ADDED from src/main/AndroidManifest.xml:19:2-63
	android:name
		ADDED from src/main/AndroidManifest.xml:19:19-61
application
ADDED from src/main/AndroidManifest.xml:21:2-39:16
MERGED from [com.android.support:design:23.4.0] AndroidManifest.xml:22:5-20
MERGED from [com.android.support:design:23.4.0] AndroidManifest.xml:22:5-20
MERGED from [com.android.support:appcompat-v7:23.4.0] AndroidManifest.xml:25:5-20
MERGED from [com.android.support:appcompat-v7:23.4.0] AndroidManifest.xml:25:5-20
MERGED from [com.android.support:animated-vector-drawable:23.4.0] AndroidManifest.xml:7:5-20
MERGED from [com.android.support:animated-vector-drawable:23.4.0] AndroidManifest.xml:7:5-20
MERGED from [com.android.support:support-vector-drawable:23.4.0] AndroidManifest.xml:7:5-20
MERGED from [com.android.support:support-vector-drawable:23.4.0] AndroidManifest.xml:7:5-20
MERGED from [com.android.support:support-v4:23.4.0] AndroidManifest.xml:22:5-20
MERGED from [com.android.support:support-v4:23.4.0] AndroidManifest.xml:22:5-20
MERGED from [:nativescript_social_share:] AndroidManifest.xml:9:5-19:19
MERGED from [:nativescript_social_share:] AndroidManifest.xml:9:5-19:19
MERGED from [:widgets-release:] AndroidManifest.xml:11:5-12:19
MERGED from [:widgets-release:] AndroidManifest.xml:11:5-12:19
	android:label
		ADDED from src/main/AndroidManifest.xml:25:3-39
	android:icon
		ADDED from src/main/AndroidManifest.xml:24:3-32
	android:allowBackup
		ADDED from src/main/AndroidManifest.xml:23:3-29
	android:theme
		ADDED from src/main/AndroidManifest.xml:26:3-34
	android:name
		ADDED from src/main/AndroidManifest.xml:22:3-49
activity#com.tns.NativeScriptActivity
ADDED from src/main/AndroidManifest.xml:27:3-37:14
	android:label
		ADDED from src/main/AndroidManifest.xml:29:4-49
	android:configChanges
		ADDED from src/main/AndroidManifest.xml:30:4-65
	android:name
		ADDED from src/main/AndroidManifest.xml:28:4-47
intent-filter#android.intent.action.MAIN+android.intent.category.LAUNCHER
ADDED from src/main/AndroidManifest.xml:32:5-36:20
action#android.intent.action.MAIN
ADDED from src/main/AndroidManifest.xml:33:5-57
	android:name
		ADDED from src/main/AndroidManifest.xml:33:13-54
category#android.intent.category.LAUNCHER
ADDED from src/main/AndroidManifest.xml:35:5-65
	android:name
		ADDED from src/main/AndroidManifest.xml:35:15-62
activity#com.tns.ErrorReportActivity
ADDED from src/main/AndroidManifest.xml:38:3-57
	android:name
		ADDED from src/main/AndroidManifest.xml:38:13-55
provider#android.support.v4.content.FileProvider
ADDED from [:nativescript_social_share:] AndroidManifest.xml:10:9-18:20
	android:grantUriPermissions
		ADDED from [:nativescript_social_share:] AndroidManifest.xml:14:13-47
	android:authorities
		ADDED from [:nativescript_social_share:] AndroidManifest.xml:12:13-60
	android:exported
		ADDED from [:nativescript_social_share:] AndroidManifest.xml:13:13-37
	android:name
		ADDED from [:nativescript_social_share:] AndroidManifest.xml:11:13-67
meta-data#android.support.FILE_PROVIDER_PATHS
ADDED from [:nativescript_social_share:] AndroidManifest.xml:15:13-17:58
	android:resource
		ADDED from [:nativescript_social_share:] AndroidManifest.xml:17:17-55
	android:name
		ADDED from [:nativescript_social_share:] AndroidManifest.xml:16:17-67